# JRE version: Java(TM) SE Runtime Environment (7.0_45-b18) (build 1.7.0_45-b18)
# Java VM: Java HotSpot(TM) Server VM (24.45-b08 mixed mode linux-x86 )
Heap
 PSYoungGen      total 70144K, used 57165K [0xa4e80000, 0xae280000, 0xb4e80000)
  eden space 67584K, 80% used [0xa4e80000,0xa83d6140,0xa9080000)
  from space 2560K, 99% used [0xa9080000,0xa92fd660,0xa9300000)
  to   space 8192K, 0% used [0xada80000,0xada80000,0xae280000)
 ParOldGen       total 43776K, used 18600K [0x84e80000, 0x87940000, 0xa4e80000)
  object space 43776K, 42% used [0x84e80000,0x860aa218,0x87940000)
 PSPermGen       total 32768K, used 12836K [0x74e80000, 0x76e80000, 0x84e80000)
  object space 32768K, 39% used [0x74e80000,0x75b09390,0x76e80000)
GC Heap History (10 events):
Event: 0.787 GC heap before
{Heap before GC invocations=1 (full 0):
 PSYoungGen      total 19456K, used 16874K [0xa4e80000, 0xa6400000, 0xb4e80000)
  eden space 16896K, 99% used [0xa4e80000,0xa5efab98,0xa5f00000)
  from space 2560K, 0% used [0xa6180000,0xa6180000,0xa6400000)
  to   space 2560K, 0% used [0xa5f00000,0xa5f00000,0xa6180000)
 ParOldGen       total 43776K, used 0K [0x84e80000, 0x87940000, 0xa4e80000)
  object space 43776K, 0% used [0x84e80000,0x84e80000,0x87940000)
 PSPermGen       total 32768K, used 5422K [0x74e80000, 0x76e80000, 0x84e80000)
  object space 32768K, 16% used [0x74e80000,0x753cba78,0x76e80000)
Event: 0.798 GC heap after
Heap after GC invocations=1 (full 0):
 PSYoungGen      total 19456K, used 2557K [0xa4e80000, 0xa7480000, 0xb4e80000)
  eden space 16896K, 0% used [0xa4e80000,0xa4e80000,0xa5f00000)
  from space 2560K, 99% used [0xa5f00000,0xa617f538,0xa6180000)
  to   space 2560K, 0% used [0xa7200000,0xa7200000,0xa7480000)
 ParOldGen       total 43776K, used 2145K [0x84e80000, 0x87940000, 0xa4e80000)
  object space 43776K, 4% used [0x84e80000,0x85098468,0x87940000)
 PSPermGen       total 32768K, used 5422K [0x74e80000, 0x76e80000, 0x84e80000)
  object space 32768K, 16% used [0x74e80000,0x753cba78,0x76e80000)
}
Event: 1.523 GC heap before
{Heap before GC invocations=2 (full 0):
 PSYoungGen      total 19456K, used 19453K [0xa4e80000, 0xa7480000, 0xb4e80000)
  eden space 16896K, 100% used [0xa4e80000,0xa5f00000,0xa5f00000)
  from space 2560K, 99% used [0xa5f00000,0xa617f538,0xa6180000)
  to   space 2560K, 0% used [0xa7200000,0xa7200000,0xa7480000)
 ParOldGen       total 43776K, used 2145K [0x84e80000, 0x87940000, 0xa4e80000)
  object space 43776K, 4% used [0x84e80000,0x85098468,0x87940000)
 PSPermGen       total 32768K, used 8041K [0x74e80000, 0x76e80000, 0x84e80000)
  object space 32768K, 24% used [0x74e80000,0x7565a6b8,0x76e80000)
Event: 1.532 GC heap after
Heap after GC invocations=2 (full 0):
 PSYoungGen      total 36352K, used 2545K [0xa4e80000, 0xa7480000, 0xb4e80000)
  eden space 33792K, 0% used [0xa4e80000,0xa4e80000,0xa6f80000)
  from space 2560K, 99% used [0xa7200000,0xa747c5c8,0xa7480000)
  to   space 2560K, 0% used [0xa6f80000,0xa6f80000,0xa7200000)
 ParOldGen       total 43776K, used 5499K [0x84e80000, 0x87940000, 0xa4e80000)
  object space 43776K, 12% used [0x84e80000,0x853deef0,0x87940000)
 PSPermGen       total 32768K, used 8041K [0x74e80000, 0x76e80000, 0x84e80000)
  object space 32768K, 24% used [0x74e80000,0x7565a6b8,0x76e80000)
}
Event: 2.942 GC heap before
{Heap before GC invocations=3 (full 0):
 PSYoungGen      total 36352K, used 36337K [0xa4e80000, 0xa7480000, 0xb4e80000)
  eden space 33792K, 100% used [0xa4e80000,0xa6f80000,0xa6f80000)
  from space 2560K, 99% used [0xa7200000,0xa747c5c8,0xa7480000)
  to   space 2560K, 0% used [0xa6f80000,0xa6f80000,0xa7200000)
 ParOldGen       total 43776K, used 5499K [0x84e80000, 0x87940000, 0xa4e80000)
  object space 43776K, 12% used [0x84e80000,0x853deef0,0x87940000)
 PSPermGen       total 32768K, used 10416K [0x74e80000, 0x76e80000, 0x84e80000)
  object space 32768K, 31% used [0x74e80000,0x758ac280,0x76e80000)
Event: 2.977 GC heap after
Heap after GC invocations=3 (full 0):
 PSYoungGen      total 36352K, used 2557K [0xa4e80000, 0xa9580000, 0xb4e80000)
  eden space 33792K, 0% used [0xa4e80000,0xa4e80000,0xa6f80000)
  from space 2560K, 99% used [0xa6f80000,0xa71ff630,0xa7200000)
  to   space 2560K, 0% used [0xa9300000,0xa9300000,0xa9580000)
 ParOldGen       total 43776K, used 10249K [0x84e80000, 0x87940000, 0xa4e80000)
  object space 43776K, 23% used [0x84e80000,0x85882778,0x87940000)
 PSPermGen       total 32768K, used 10416K [0x74e80000, 0x76e80000, 0x84e80000)
  object space 32768K, 31% used [0x74e80000,0x758ac280,0x76e80000)
}
Event: 3.908 GC heap before
{Heap before GC invocations=4 (full 0):
 PSYoungGen      total 36352K, used 36349K [0xa4e80000, 0xa9580000, 0xb4e80000)
  eden space 33792K, 100% used [0xa4e80000,0xa6f80000,0xa6f80000)
  from space 2560K, 99% used [0xa6f80000,0xa71ff630,0xa7200000)
  to   space 2560K, 0% used [0xa9300000,0xa9300000,0xa9580000)
 ParOldGen       total 43776K, used 10249K [0x84e80000, 0x87940000, 0xa4e80000)
  object space 43776K, 23% used [0x84e80000,0x85882778,0x87940000)
 PSPermGen       total 32768K, used 11937K [0x74e80000, 0x76e80000, 0x84e80000)
  object space 32768K, 36% used [0x74e80000,0x75a28538,0x76e80000)
Event: 3.931 GC heap after
Heap after GC invocations=4 (full 0):
 PSYoungGen      total 70144K, used 2549K [0xa4e80000, 0xa9580000, 0xb4e80000)
  eden space 67584K, 0% used [0xa4e80000,0xa4e80000,0xa9080000)
  from space 2560K, 99% used [0xa9300000,0xa957d640,0xa9580000)
  to   space 2560K, 0% used [0xa9080000,0xa9080000,0xa9300000)
 ParOldGen       total 43776K, used 14370K [0x84e80000, 0x87940000, 0xa4e80000)
  object space 43776K, 32% used [0x84e80000,0x85c88b88,0x87940000)
 PSPermGen       total 32768K, used 11937K [0x74e80000, 0x76e80000, 0x84e80000)
  object space 32768K, 36% used [0x74e80000,0x75a28538,0x76e80000)
}
Event: 5.925 GC heap before
{Heap before GC invocations=5 (full 0):
 PSYoungGen      total 70144K, used 70133K [0xa4e80000, 0xa9580000, 0xb4e80000)
  eden space 67584K, 100% used [0xa4e80000,0xa9080000,0xa9080000)
  from space 2560K, 99% used [0xa9300000,0xa957d640,0xa9580000)
  to   space 2560K, 0% used [0xa9080000,0xa9080000,0xa9300000)
 ParOldGen       total 43776K, used 14370K [0x84e80000, 0x87940000, 0xa4e80000)
  object space 43776K, 32% used [0x84e80000,0x85c88b88,0x87940000)
 PSPermGen       total 32768K, used 12772K [0x74e80000, 0x76e80000, 0x84e80000)
  object space 32768K, 38% used [0x74e80000,0x75af9018,0x76e80000)
Event: 5.937 GC heap after
Heap after GC invocations=5 (full 0):
 PSYoungGen      total 70144K, used 2549K [0xa4e80000, 0xae280000, 0xb4e80000)
  eden space 67584K, 0% used [0xa4e80000,0xa4e80000,0xa9080000)
  from space 2560K, 99% used [0xa9080000,0xa92fd660,0xa9300000)
  to   space 8192K, 0% used [0xada80000,0xada80000,0xae280000)
 ParOldGen       total 43776K, used 18600K [0x84e80000, 0x87940000, 0xa4e80000)
  object space 43776K, 42% used [0x84e80000,0x860aa218,0x87940000)
 PSPermGen       total 32768K, used 12772K [0x74e80000, 0x76e80000, 0x84e80000)
  object space 32768K, 38% used [0x74e80000,0x75af9018,0x76e80000)
}

